Copyright 1986-2021 Xilinx, Inc. All Rights Reserved.
-----------------------------------------------------------------------------------------------------------------------------------------------
| Tool Version : Vivado v.2021.2 (win64) Build 3367213 Tue Oct 19 02:48:09 MDT 2021
| Date         : Fri Apr 22 13:55:47 2022
| Host         : Daniel-DellLaptop running 64-bit major release  (build 9200)
| Command      : report_methodology -file top_methodology_drc_routed.rpt -pb top_methodology_drc_routed.pb -rpx top_methodology_drc_routed.rpx
| Design       : top
| Device       : xc7a100tcsg324-1
| Speed File   : -1
| Design State : Fully Routed
-----------------------------------------------------------------------------------------------------------------------------------------------

Report Methodology

Table of Contents
-----------------
1. REPORT SUMMARY
2. REPORT DETAILS

1. REPORT SUMMARY
-----------------
            Netlist: netlist
          Floorplan: design_1
      Design limits: <entire design considered>
             Max violations: <unlimited>
             Violations found: 47
+-----------+------------------+----------------------------------+------------+
| Rule      | Severity         | Description                      | Violations |
+-----------+------------------+----------------------------------+------------+
| TIMING-17 | Critical Warning | Non-clocked sequential cell      | 43         |
| HPDR-1    | Warning          | Port pin direction inconsistency | 1          |
| TIMING-18 | Warning          | Missing input or output delay    | 3          |
+-----------+------------------+----------------------------------+------------+

2. REPORT DETAILS
-----------------
TIMING-17#1 Critical Warning
Non-clocked sequential cell  
The clock pin AUDIO_ROM/xpm_memory_base_inst/AUDIO_ROM/xpm_memory_base_inst/gen_rd_a.douta_reg_reg_0_0_cooolgate_en_gate_1_cooolDelFlop/C is not reached by a timing clock
Related violations: <none>

TIMING-17#2 Critical Warning
Non-clocked sequential cell  
The clock pin AUDIO_ROM/xpm_memory_base_inst/gen_rd_a.douta_reg_reg_0_0/CLKARDCLK is not reached by a timing clock
Related violations: <none>

TIMING-17#3 Critical Warning
Non-clocked sequential cell  
The clock pin AUDIO_ROM/xpm_memory_base_inst/gen_rd_a.douta_reg_reg_0_1/CLKARDCLK is not reached by a timing clock
Related violations: <none>

TIMING-17#4 Critical Warning
Non-clocked sequential cell  
The clock pin AUDIO_ROM/xpm_memory_base_inst/gen_rd_a.douta_reg_reg_0_2/CLKARDCLK is not reached by a timing clock
Related violations: <none>

TIMING-17#5 Critical Warning
Non-clocked sequential cell  
The clock pin AUDIO_ROM/xpm_memory_base_inst/gen_rd_a.douta_reg_reg_0_3/CLKARDCLK is not reached by a timing clock
Related violations: <none>

TIMING-17#6 Critical Warning
Non-clocked sequential cell  
The clock pin AUDIO_ROM/xpm_memory_base_inst/gen_rd_a.douta_reg_reg_0_4/CLKARDCLK is not reached by a timing clock
Related violations: <none>

TIMING-17#7 Critical Warning
Non-clocked sequential cell  
The clock pin AUDIO_ROM/xpm_memory_base_inst/gen_rd_a.douta_reg_reg_0_5/CLKARDCLK is not reached by a timing clock
Related violations: <none>

TIMING-17#8 Critical Warning
Non-clocked sequential cell  
The clock pin AUDIO_ROM/xpm_memory_base_inst/gen_rd_a.douta_reg_reg_0_6/CLKARDCLK is not reached by a timing clock
Related violations: <none>

TIMING-17#9 Critical Warning
Non-clocked sequential cell  
The clock pin AUDIO_ROM/xpm_memory_base_inst/gen_rd_a.douta_reg_reg_0_7/CLKARDCLK is not reached by a timing clock
Related violations: <none>

TIMING-17#10 Critical Warning
Non-clocked sequential cell  
The clock pin AUDIO_ROM/xpm_memory_base_inst/gen_rd_a.douta_reg_reg_1_0/CLKARDCLK is not reached by a timing clock
Related violations: <none>

TIMING-17#11 Critical Warning
Non-clocked sequential cell  
The clock pin AUDIO_ROM/xpm_memory_base_inst/gen_rd_a.douta_reg_reg_1_0__0/CLKARDCLK is not reached by a timing clock
Related violations: <none>

TIMING-17#12 Critical Warning
Non-clocked sequential cell  
The clock pin AUDIO_ROM/xpm_memory_base_inst/gen_rd_a.douta_reg_reg_1_1/CLKARDCLK is not reached by a timing clock
Related violations: <none>

TIMING-17#13 Critical Warning
Non-clocked sequential cell  
The clock pin AUDIO_ROM/xpm_memory_base_inst/gen_rd_a.douta_reg_reg_1_1__0/CLKARDCLK is not reached by a timing clock
Related violations: <none>

TIMING-17#14 Critical Warning
Non-clocked sequential cell  
The clock pin AUDIO_ROM/xpm_memory_base_inst/gen_rd_a.douta_reg_reg_1_2/CLKARDCLK is not reached by a timing clock
Related violations: <none>

TIMING-17#15 Critical Warning
Non-clocked sequential cell  
The clock pin AUDIO_ROM/xpm_memory_base_inst/gen_rd_a.douta_reg_reg_1_2__0/CLKARDCLK is not reached by a timing clock
Related violations: <none>

TIMING-17#16 Critical Warning
Non-clocked sequential cell  
The clock pin AUDIO_ROM/xpm_memory_base_inst/gen_rd_a.douta_reg_reg_1_3/CLKARDCLK is not reached by a timing clock
Related violations: <none>

TIMING-17#17 Critical Warning
Non-clocked sequential cell  
The clock pin AUDIO_ROM/xpm_memory_base_inst/gen_rd_a.douta_reg_reg_1_3__0/CLKARDCLK is not reached by a timing clock
Related violations: <none>

TIMING-17#18 Critical Warning
Non-clocked sequential cell  
The clock pin AUDIO_ROM/xpm_memory_base_inst/gen_rd_a.douta_reg_reg_1_4/CLKARDCLK is not reached by a timing clock
Related violations: <none>

TIMING-17#19 Critical Warning
Non-clocked sequential cell  
The clock pin AUDIO_ROM/xpm_memory_base_inst/gen_rd_a.douta_reg_reg_1_4__0/CLKARDCLK is not reached by a timing clock
Related violations: <none>

TIMING-17#20 Critical Warning
Non-clocked sequential cell  
The clock pin AUDIO_ROM/xpm_memory_base_inst/gen_rd_a.douta_reg_reg_1_5/CLKARDCLK is not reached by a timing clock
Related violations: <none>

TIMING-17#21 Critical Warning
Non-clocked sequential cell  
The clock pin AUDIO_ROM/xpm_memory_base_inst/gen_rd_a.douta_reg_reg_1_5__0/CLKARDCLK is not reached by a timing clock
Related violations: <none>

TIMING-17#22 Critical Warning
Non-clocked sequential cell  
The clock pin AUDIO_ROM/xpm_memory_base_inst/gen_rd_a.douta_reg_reg_1_6/CLKARDCLK is not reached by a timing clock
Related violations: <none>

TIMING-17#23 Critical Warning
Non-clocked sequential cell  
The clock pin AUDIO_ROM/xpm_memory_base_inst/gen_rd_a.douta_reg_reg_1_6__0/CLKARDCLK is not reached by a timing clock
Related violations: <none>

TIMING-17#24 Critical Warning
Non-clocked sequential cell  
The clock pin AUDIO_ROM/xpm_memory_base_inst/gen_rd_a.douta_reg_reg_1_7/CLKARDCLK is not reached by a timing clock
Related violations: <none>

TIMING-17#25 Critical Warning
Non-clocked sequential cell  
The clock pin AUDIO_ROM/xpm_memory_base_inst/gen_rd_a.douta_reg_reg_1_7__0/CLKARDCLK is not reached by a timing clock
Related violations: <none>

TIMING-17#26 Critical Warning
Non-clocked sequential cell  
The clock pin AUDIO_ROM/xpm_memory_base_inst/gen_rd_a.douta_reg_reg_mux_sel__14/C is not reached by a timing clock
Related violations: <none>

TIMING-17#27 Critical Warning
Non-clocked sequential cell  
The clock pin AUDIO_ROM/xpm_memory_base_inst/gen_rd_a.douta_reg_reg_mux_sel__6/C is not reached by a timing clock
Related violations: <none>

TIMING-17#28 Critical Warning
Non-clocked sequential cell  
The clock pin AUDIO_ROM/xpm_memory_base_inst/gen_rd_a.gen_douta_pipe.douta_pipe_reg[0][0]/C is not reached by a timing clock
Related violations: <none>

TIMING-17#29 Critical Warning
Non-clocked sequential cell  
The clock pin AUDIO_ROM/xpm_memory_base_inst/gen_rd_a.gen_douta_pipe.douta_pipe_reg[0][0]_lopt_replica/C is not reached by a timing clock
Related violations: <none>

TIMING-17#30 Critical Warning
Non-clocked sequential cell  
The clock pin AUDIO_ROM/xpm_memory_base_inst/gen_rd_a.gen_douta_pipe.douta_pipe_reg[0][1]/C is not reached by a timing clock
Related violations: <none>

TIMING-17#31 Critical Warning
Non-clocked sequential cell  
The clock pin AUDIO_ROM/xpm_memory_base_inst/gen_rd_a.gen_douta_pipe.douta_pipe_reg[0][1]_lopt_replica/C is not reached by a timing clock
Related violations: <none>

TIMING-17#32 Critical Warning
Non-clocked sequential cell  
The clock pin AUDIO_ROM/xpm_memory_base_inst/gen_rd_a.gen_douta_pipe.douta_pipe_reg[0][2]/C is not reached by a timing clock
Related violations: <none>

TIMING-17#33 Critical Warning
Non-clocked sequential cell  
The clock pin AUDIO_ROM/xpm_memory_base_inst/gen_rd_a.gen_douta_pipe.douta_pipe_reg[0][2]_lopt_replica/C is not reached by a timing clock
Related violations: <none>

TIMING-17#34 Critical Warning
Non-clocked sequential cell  
The clock pin AUDIO_ROM/xpm_memory_base_inst/gen_rd_a.gen_douta_pipe.douta_pipe_reg[0][3]/C is not reached by a timing clock
Related violations: <none>

TIMING-17#35 Critical Warning
Non-clocked sequential cell  
The clock pin AUDIO_ROM/xpm_memory_base_inst/gen_rd_a.gen_douta_pipe.douta_pipe_reg[0][3]_lopt_replica/C is not reached by a timing clock
Related violations: <none>

TIMING-17#36 Critical Warning
Non-clocked sequential cell  
The clock pin AUDIO_ROM/xpm_memory_base_inst/gen_rd_a.gen_douta_pipe.douta_pipe_reg[0][4]/C is not reached by a timing clock
Related violations: <none>

TIMING-17#37 Critical Warning
Non-clocked sequential cell  
The clock pin AUDIO_ROM/xpm_memory_base_inst/gen_rd_a.gen_douta_pipe.douta_pipe_reg[0][4]_lopt_replica/C is not reached by a timing clock
Related violations: <none>

TIMING-17#38 Critical Warning
Non-clocked sequential cell  
The clock pin AUDIO_ROM/xpm_memory_base_inst/gen_rd_a.gen_douta_pipe.douta_pipe_reg[0][5]/C is not reached by a timing clock
Related violations: <none>

TIMING-17#39 Critical Warning
Non-clocked sequential cell  
The clock pin AUDIO_ROM/xpm_memory_base_inst/gen_rd_a.gen_douta_pipe.douta_pipe_reg[0][5]_lopt_replica/C is not reached by a timing clock
Related violations: <none>

TIMING-17#40 Critical Warning
Non-clocked sequential cell  
The clock pin AUDIO_ROM/xpm_memory_base_inst/gen_rd_a.gen_douta_pipe.douta_pipe_reg[0][6]/C is not reached by a timing clock
Related violations: <none>

TIMING-17#41 Critical Warning
Non-clocked sequential cell  
The clock pin AUDIO_ROM/xpm_memory_base_inst/gen_rd_a.gen_douta_pipe.douta_pipe_reg[0][6]_lopt_replica/C is not reached by a timing clock
Related violations: <none>

TIMING-17#42 Critical Warning
Non-clocked sequential cell  
The clock pin AUDIO_ROM/xpm_memory_base_inst/gen_rd_a.gen_douta_pipe.douta_pipe_reg[0][7]/C is not reached by a timing clock
Related violations: <none>

TIMING-17#43 Critical Warning
Non-clocked sequential cell  
The clock pin AUDIO_ROM/xpm_memory_base_inst/gen_rd_a.gen_douta_pipe.douta_pipe_reg[0][7]_lopt_replica/C is not reached by a timing clock
Related violations: <none>

HPDR-1#1 Warning
Port pin direction inconsistency  
Hierarchical port(pin) AUD_PWM direction INOUT is not consistent with the directions of the cell pins/ports found at that level of the netlist hierarchy. Please review the design and consider changing the port(pin) direction. Both drivers and loads were expected for the net (AUD_PWM) connected to this Port, but both were not found.
Related violations: <none>

TIMING-18#1 Warning
Missing input or output delay  
An input delay is missing on AUD_PWM relative to clock(s) sys_clk_pin
Related violations: <none>

TIMING-18#2 Warning
Missing input or output delay  
An input delay is missing on btnu relative to clock(s) sys_clk_pin
Related violations: <none>

TIMING-18#3 Warning
Missing input or output delay  
An input delay is missing on rstn relative to clock(s) sys_clk_pin
Related violations: <none>


